<?xml version="1.0" encoding="UTF-8"?>
<!-- Generated by org.testng.reporters.JUnitXMLReporter -->
<testsuite hostname="Jagadeesh2" ignored="0" name="Default test" tests="9" failures="0" timestamp="2021-10-31T16:21:24 IST" time="146.603" errors="0">
  <testcase name="dress_Select" time="13.743" classname="org.testng_runner.Part2_TestNG"/>
  <testcase name="choose_dress" time="4.813" classname="org.testng_runner.Part2_TestNG"/>
  <testcase name="add_Card" time="19.561" classname="org.testng_runner.Part2_TestNG"/>
  <testcase name="login" time="9.888" classname="org.testng_runner.Part2_TestNG"/>
  <testcase name="conform_order" time="6.876" classname="org.testng_runner.Part2_TestNG"/>
  <testcase name="shipping_order" time="6.95" classname="org.testng_runner.Part2_TestNG"/>
  <testcase name="payment" time="20.881" classname="org.testng_runner.Part2_TestNG"/>
  <testcase name="signUp" time="5.059" classname="org.testng_runner.Part1_TestNG"/>
  <testcase name="registration" time="15.556" classname="org.testng_runner.Part1_TestNG"/>
</testsuite> <!-- Default test -->
