<?xml version="1.0" encoding="UTF-8"?>
<!-- Generated by org.testng.reporters.JUnitXMLReporter -->
<testsuite hostname="Jagadeesh2" ignored="0" name="Default test" tests="9" failures="0" timestamp="2021-10-30T22:44:09 IST" time="135.857" errors="0">
  <testcase name="dress_Select" time="11.301" classname="org.testng_runner.Part2_TestNG"/>
  <testcase name="choose_dress" time="4.81" classname="org.testng_runner.Part2_TestNG"/>
  <testcase name="add_Card" time="15.576" classname="org.testng_runner.Part2_TestNG"/>
  <testcase name="login" time="6.926" classname="org.testng_runner.Part2_TestNG"/>
  <testcase name="conform_order" time="6.273" classname="org.testng_runner.Part2_TestNG"/>
  <testcase name="shipping_order" time="6.479" classname="org.testng_runner.Part2_TestNG"/>
  <testcase name="payment" time="20.268" classname="org.testng_runner.Part2_TestNG"/>
  <testcase name="signUp" time="5.478" classname="org.testng_runner.Part1_TestNG"/>
  <testcase name="registration" time="14.245" classname="org.testng_runner.Part1_TestNG"/>
</testsuite> <!-- Default test -->
