<?xml version="1.0" encoding="UTF-8"?>
<testng-results skipped="0" failed="0" ignored="0" total="9" passed="9">
  <reporter-output>
  </reporter-output>
  <suite name="Default suite" duration-ms="146603" started-at="2021-10-31T16:18:57 IST" finished-at="2021-10-31T16:21:24 IST">
    <groups>
    </groups>
    <test name="Default test" duration-ms="146603" started-at="2021-10-31T16:18:57 IST" finished-at="2021-10-31T16:21:24 IST">
      <class name="org.testng_runner.Part2_TestNG">
        <test-method status="PASS" signature="configuration()[pri:0, instance:org.testng_runner.Part2_TestNG@4d1b0d2a]" name="configuration" is-config="true" duration-ms="0" started-at="2021-10-31T16:18:58 IST" finished-at="2021-10-31T16:18:58 IST">
          <reporter-output>
          </reporter-output>
        </test-method> <!-- configuration -->
        <test-method status="PASS" signature="browserLaunch()[pri:0, instance:org.testng_runner.Part2_TestNG@4d1b0d2a]" name="browserLaunch" is-config="true" duration-ms="22400" started-at="2021-10-31T16:18:59 IST" finished-at="2021-10-31T16:19:21 IST">
          <reporter-output>
          </reporter-output>
        </test-method> <!-- browserLaunch -->
        <test-method status="PASS" signature="dress_Select()[pri:4, instance:org.testng_runner.Part2_TestNG@4d1b0d2a]" name="dress_Select" duration-ms="13743" started-at="2021-10-31T16:19:21 IST" finished-at="2021-10-31T16:19:35 IST">
          <reporter-output>
          </reporter-output>
        </test-method> <!-- dress_Select -->
        <test-method status="PASS" signature="choose_dress()[pri:5, instance:org.testng_runner.Part2_TestNG@4d1b0d2a]" name="choose_dress" duration-ms="4813" started-at="2021-10-31T16:19:35 IST" finished-at="2021-10-31T16:19:40 IST">
          <reporter-output>
          </reporter-output>
        </test-method> <!-- choose_dress -->
        <test-method status="PASS" signature="add_Card()[pri:6, instance:org.testng_runner.Part2_TestNG@4d1b0d2a]" name="add_Card" duration-ms="19561" started-at="2021-10-31T16:19:40 IST" finished-at="2021-10-31T16:19:59 IST">
          <reporter-output>
          </reporter-output>
        </test-method> <!-- add_Card -->
        <test-method status="PASS" signature="login()[pri:7, instance:org.testng_runner.Part2_TestNG@4d1b0d2a]" name="login" duration-ms="9888" started-at="2021-10-31T16:19:59 IST" finished-at="2021-10-31T16:20:09 IST">
          <reporter-output>
          </reporter-output>
        </test-method> <!-- login -->
        <test-method status="PASS" signature="conform_order()[pri:8, instance:org.testng_runner.Part2_TestNG@4d1b0d2a]" name="conform_order" duration-ms="6876" started-at="2021-10-31T16:20:09 IST" finished-at="2021-10-31T16:20:16 IST">
          <reporter-output>
          </reporter-output>
        </test-method> <!-- conform_order -->
        <test-method status="PASS" signature="shipping_order()[pri:9, instance:org.testng_runner.Part2_TestNG@4d1b0d2a]" name="shipping_order" duration-ms="6950" started-at="2021-10-31T16:20:16 IST" finished-at="2021-10-31T16:20:23 IST">
          <reporter-output>
          </reporter-output>
        </test-method> <!-- shipping_order -->
        <test-method status="PASS" signature="payment()[pri:10, instance:org.testng_runner.Part2_TestNG@4d1b0d2a]" name="payment" duration-ms="20881" started-at="2021-10-31T16:20:23 IST" finished-at="2021-10-31T16:20:44 IST">
          <reporter-output>
          </reporter-output>
        </test-method> <!-- payment -->
        <test-method status="PASS" signature="browserClose()[pri:0, instance:org.testng_runner.Part2_TestNG@4d1b0d2a]" name="browserClose" is-config="true" duration-ms="434" started-at="2021-10-31T16:20:44 IST" finished-at="2021-10-31T16:20:44 IST">
          <reporter-output>
          </reporter-output>
        </test-method> <!-- browserClose -->
        <test-method status="PASS" signature="Flush1()[pri:0, instance:org.testng_runner.Part2_TestNG@4d1b0d2a]" name="Flush1" is-config="true" duration-ms="360" started-at="2021-10-31T16:21:24 IST" finished-at="2021-10-31T16:21:24 IST">
          <reporter-output>
          </reporter-output>
        </test-method> <!-- Flush1 -->
      </class> <!-- org.testng_runner.Part2_TestNG -->
      <class name="org.testng_runner.Part1_TestNG">
        <test-method status="PASS" signature="configuration()[pri:0, instance:org.testng_runner.Part1_TestNG@545997b1]" name="configuration" is-config="true" duration-ms="1108" started-at="2021-10-31T16:18:57 IST" finished-at="2021-10-31T16:18:58 IST">
          <reporter-output>
          </reporter-output>
        </test-method> <!-- configuration -->
        <test-method status="PASS" signature="browserLaunch()[pri:0, instance:org.testng_runner.Part1_TestNG@545997b1]" name="browserLaunch" is-config="true" duration-ms="16440" started-at="2021-10-31T16:20:44 IST" finished-at="2021-10-31T16:21:01 IST">
          <reporter-output>
          </reporter-output>
        </test-method> <!-- browserLaunch -->
        <test-method status="PASS" signature="signUp()[pri:1, instance:org.testng_runner.Part1_TestNG@545997b1]" name="signUp" duration-ms="5059" started-at="2021-10-31T16:21:01 IST" finished-at="2021-10-31T16:21:06 IST">
          <reporter-output>
          </reporter-output>
        </test-method> <!-- signUp -->
        <test-method status="PASS" signature="registration()[pri:2, instance:org.testng_runner.Part1_TestNG@545997b1]" name="registration" duration-ms="15556" started-at="2021-10-31T16:21:06 IST" finished-at="2021-10-31T16:21:21 IST">
          <reporter-output>
          </reporter-output>
        </test-method> <!-- registration -->
        <test-method status="PASS" signature="browserClose()[pri:0, instance:org.testng_runner.Part1_TestNG@545997b1]" name="browserClose" is-config="true" duration-ms="468" started-at="2021-10-31T16:21:21 IST" finished-at="2021-10-31T16:21:22 IST">
          <reporter-output>
          </reporter-output>
        </test-method> <!-- browserClose -->
        <test-method status="PASS" signature="flush()[pri:0, instance:org.testng_runner.Part1_TestNG@545997b1]" name="flush" is-config="true" duration-ms="1732" started-at="2021-10-31T16:21:22 IST" finished-at="2021-10-31T16:21:24 IST">
          <reporter-output>
          </reporter-output>
        </test-method> <!-- flush -->
      </class> <!-- org.testng_runner.Part1_TestNG -->
    </test> <!-- Default test -->
  </suite> <!-- Default suite -->
</testng-results>
